<?xml version="1.0" encoding="UTF-8" ?>
<testsuite tests="41" failures="0" name="calendar.ApptTest" time="0.04" errors="0" skipped="0">
  <properties>
    <property name="java.runtime.name" value="Java(TM) SE Runtime Environment"/>
    <property name="java.vm.version" value="9.0.4+11"/>
    <property name="sun.boot.library.path" value="C:\Program Files\Java\jdk-9.0.4\bin"/>
    <property name="maven.multiModuleProjectDirectory" value="C:\Users\Nick\CS362-001-S2018\projects\pugliesn\Assignment-3\Calendar"/>
    <property name="java.vm.vendor" value="Oracle Corporation"/>
    <property name="java.vendor.url" value="http://java.oracle.com/"/>
    <property name="guice.disable.misplaced.annotation.check" value="true"/>
    <property name="path.separator" value=";"/>
    <property name="java.vm.name" value="Java HotSpot(TM) 64-Bit Server VM"/>
    <property name="file.encoding.pkg" value="sun.io"/>
    <property name="sun.os.patch.level" value=""/>
    <property name="user.script" value=""/>
    <property name="user.country" value="US"/>
    <property name="sun.java.launcher" value="SUN_STANDARD"/>
    <property name="java.vm.specification.name" value="Java Virtual Machine Specification"/>
    <property name="user.dir" value="C:\Users\Nick\CS362-001-S2018\projects\pugliesn\Assignment-3\Calendar"/>
    <property name="java.vm.compressedOopsMode" value="32-bit"/>
    <property name="java.runtime.version" value="9.0.4+11"/>
    <property name="java.awt.graphicsenv" value="sun.awt.Win32GraphicsEnvironment"/>
    <property name="os.arch" value="amd64"/>
    <property name="java.io.tmpdir" value="C:\Users\Nick\AppData\Local\Temp\"/>
    <property name="line.separator" value="
"/>
    <property name="java.vm.specification.vendor" value="Oracle Corporation"/>
    <property name="user.variant" value=""/>
    <property name="os.name" value="Windows 10"/>
    <property name="classworlds.conf" value="C:\Program Files\apache-maven-3.5.3\bin\..\bin\m2.conf"/>
    <property name="sun.jnu.encoding" value="Cp1252"/>
    <property name="java.library.path" value="C:\Program Files\Java\jdk-9.0.4\bin;C:\WINDOWS\Sun\Java\bin;C:\WINDOWS\system32;C:\WINDOWS;C:\Program Files (x86)\Common Files\Oracle\Java\javapath;C:\ProgramData\Oracle\Java\javapath;C:\Program Files (x86)\Razer Chroma SDK\bin;C:\Program Files\Razer Chroma SDK\bin;C:\Program Files\Haskell\bin;C:\Program Files\Haskell Platform\8.2.2\lib\extralibs\bin;C:\Program Files\Haskell Platform\8.2.2\bin;C:\WINDOWS\system32;C:\WINDOWS;C:\WINDOWS\System32\Wbem;C:\WINDOWS\System32\WindowsPowerShell\v1.0\;C:\Program Files (x86)\NVIDIA Corporation\PhysX\Common;C:\Program Files\PuTTY\;C:\Program Files\Haskell Platform\8.2.2\mingw\bin;C:\Users\Nick\AppData\Roaming\cabal\bin;C:\Users\Nick\AppData\Roaming\local\bin;C:\Users\Nick\AppData\Local\Microsoft\WindowsApps;C:\Program Files\Microsoft VS Code\bin;C:\Python27;C:\Program Files\Git\cmd;C:\Program Files\MATLAB\R2017a\runtime\win64;C:\Program Files\MATLAB\R2017a\bin;C:\Users\Nick\Anaconda2\;C:\Program Files\swipl\bin;C:\Program Files\Java\jdk-9.0.4\bin;C:\Program Files\apache-maven-3.5.3\bin;C:\Users\Nick\AppData\Roaming\cabal\bin;C:\Users\Nick\AppData\Roaming\local\bin;C:\Users\Nick\AppData\Local\Microsoft\WindowsApps;C:\Program Files\Microsoft VS Code\bin;C:\Python27;C:\Users\Nick\AppData\Local\atom\bin;."/>
    <property name="maven.conf" value="C:\Program Files\apache-maven-3.5.3\bin\../conf"/>
    <property name="jdk.debug" value="release"/>
    <property name="java.class.version" value="53.0"/>
    <property name="java.specification.name" value="Java Platform API Specification"/>
    <property name="sun.management.compiler" value="HotSpot 64-Bit Tiered Compilers"/>
    <property name="os.version" value="10.0"/>
    <property name="library.jansi.path" value="C:\Program Files\apache-maven-3.5.3\bin\..\lib\jansi-native"/>
    <property name="user.home" value="C:\Users\Nick"/>
    <property name="user.timezone" value="America/Los_Angeles"/>
    <property name="java.awt.printerjob" value="sun.awt.windows.WPrinterJob"/>
    <property name="file.encoding" value="Cp1252"/>
    <property name="java.specification.version" value="9"/>
    <property name="user.name" value="Nick"/>
    <property name="java.class.path" value="C:\Program Files\apache-maven-3.5.3\bin\..\boot\plexus-classworlds-2.5.2.jar"/>
    <property name="java.vm.specification.version" value="9"/>
    <property name="sun.arch.data.model" value="64"/>
    <property name="sun.java.command" value="org.codehaus.plexus.classworlds.launcher.Launcher test"/>
    <property name="java.home" value="C:\Program Files\Java\jdk-9.0.4"/>
    <property name="user.language" value="en"/>
    <property name="java.specification.vendor" value="Oracle Corporation"/>
    <property name="awt.toolkit" value="sun.awt.windows.WToolkit"/>
    <property name="java.vm.info" value="mixed mode"/>
    <property name="java.version" value="9.0.4"/>
    <property name="java.vendor" value="Oracle Corporation"/>
    <property name="sun.stderr.encoding" value="cp437"/>
    <property name="maven.home" value="C:\Program Files\apache-maven-3.5.3\bin\.."/>
    <property name="file.separator" value="\"/>
    <property name="java.vendor.url.bug" value="http://bugreport.java.com/bugreport/"/>
    <property name="sun.io.unicode.encoding" value="UnicodeLittle"/>
    <property name="sun.cpu.endian" value="little"/>
    <property name="sun.stdout.encoding" value="cp437"/>
    <property name="sun.desktop" value="windows"/>
    <property name="sun.cpu.isalist" value="amd64"/>
  </properties>
  <testcase classname="calendar.ApptTest" name="testValidDaysInMonth" time="0.007"/>
  <testcase classname="calendar.ApptTest" name="testIsOn0" time="0"/>
  <testcase classname="calendar.ApptTest" name="testIsOn1" time="0"/>
  <testcase classname="calendar.ApptTest" name="testIsOn2" time="0"/>
  <testcase classname="calendar.ApptTest" name="testIsOn3" time="0"/>
  <testcase classname="calendar.ApptTest" name="testRepresntationApp0a" time="0.011"/>
  <testcase classname="calendar.ApptTest" name="testStartYearValidMutation0" time="0"/>
  <testcase classname="calendar.ApptTest" name="testgetRecurBy2" time="0.001"/>
  <testcase classname="calendar.ApptTest" name="testGetEmailAddress0" time="0.001"/>
  <testcase classname="calendar.ApptTest" name="testGetEmailAddress1" time="0"/>
  <testcase classname="calendar.ApptTest" name="testConstructor0" time="0.001"/>
  <testcase classname="calendar.ApptTest" name="testConstructor1" time="0.001"/>
  <testcase classname="calendar.ApptTest" name="testStartMinuteValidMutation0" time="0"/>
  <testcase classname="calendar.ApptTest" name="testStartMinuteValidMutation1" time="0.001"/>
  <testcase classname="calendar.ApptTest" name="testValidHour0" time="0.001"/>
  <testcase classname="calendar.ApptTest" name="testValidMonth" time="0.002"/>
  <testcase classname="calendar.ApptTest" name="testValidDay" time="0.001"/>
  <testcase classname="calendar.ApptTest" name="testgetRecurBy" time="0.001"/>
  <testcase classname="calendar.ApptTest" name="testToStringError" time="0"/>
  <testcase classname="calendar.ApptTest" name="testValidHour" time="0"/>
  <testcase classname="calendar.ApptTest" name="testValidYear" time="0.001"/>
  <testcase classname="calendar.ApptTest" name="testSetRecurDays0" time="0.004"/>
  <testcase classname="calendar.ApptTest" name="testSetRecurDays1" time="0"/>
  <testcase classname="calendar.ApptTest" name="testSetRecurrance0" time="0.001"/>
  <testcase classname="calendar.ApptTest" name="testSetRecurrance1" time="0"/>
  <testcase classname="calendar.ApptTest" name="testSetRecurrance2" time="0"/>
  <testcase classname="calendar.ApptTest" name="testHasTimeSet0" time="0.001"/>
  <testcase classname="calendar.ApptTest" name="testHasTimeSet1" time="0"/>
  <testcase classname="calendar.ApptTest" name="testSetDescription0" time="0.001"/>
  <testcase classname="calendar.ApptTest" name="testSetDescription1" time="0.001"/>
  <testcase classname="calendar.ApptTest" name="testSetXMLelement" time="0"/>
  <testcase classname="calendar.ApptTest" name="testRepresntationApp0" time="0"/>
  <testcase classname="calendar.ApptTest" name="testRepresntationApp1" time="0"/>
  <testcase classname="calendar.ApptTest" name="testXMLNull" time="0.001"/>
  <testcase classname="calendar.ApptTest" name="testSetTitle0" time="0"/>
  <testcase classname="calendar.ApptTest" name="testSetTitle1" time="0"/>
  <testcase classname="calendar.ApptTest" name="testValidMinute" time="0"/>
  <testcase classname="calendar.ApptTest" name="testStartHourValidMutation0" time="0"/>
  <testcase classname="calendar.ApptTest" name="testStartHourValidMutation1" time="0.001"/>
  <testcase classname="calendar.ApptTest" name="testStartMonthValidMutation0" time="0"/>
  <testcase classname="calendar.ApptTest" name="testStartMonthValidMutation1" time="0.001"/>
</testsuite>